\BOOKMARK [0][-]{chapter.1}{1 Product information}{}% 1
\BOOKMARK [1][-]{section.1.1}{1.1 Identification}{chapter.1}% 2
\BOOKMARK [1][-]{section.1.2}{1.2 Copyright}{chapter.1}% 3
\BOOKMARK [1][-]{section.1.3}{1.3 Trademark notices}{chapter.1}% 4
\BOOKMARK [1][-]{section.1.4}{1.4 Restrictions}{chapter.1}% 5
\BOOKMARK [1][-]{section.1.5}{1.5 Warranties}{chapter.1}% 6
\BOOKMARK [1][-]{section.1.6}{1.6 Contractual obligations}{chapter.1}% 7
\BOOKMARK [1][-]{section.1.7}{1.7 Disclaimers}{chapter.1}% 8
\BOOKMARK [1][-]{section.1.8}{1.8 Contact}{chapter.1}% 9
\BOOKMARK [0][-]{chapter.2}{2 Introduction}{}% 10
\BOOKMARK [1][-]{section.2.1}{2.1 Scope}{chapter.2}% 11
\BOOKMARK [1][-]{section.2.2}{2.2 Purpose}{chapter.2}% 12
\BOOKMARK [1][-]{section.2.3}{2.3 Intended audience}{chapter.2}% 13
\BOOKMARK [1][-]{section.2.4}{2.4 MediumPurpleMySystem \(v1.0\) }{chapter.2}% 14
\BOOKMARK [2][-]{subsection.2.4.1}{2.4.1 Actors \046 Functionalities}{section.2.4}% 15
\BOOKMARK [2][-]{subsection.2.4.2}{2.4.2 Operating environment}{section.2.4}% 16
\BOOKMARK [1][-]{section.2.5}{2.5 Document structure}{chapter.2}% 17
\BOOKMARK [0][-]{chapter.3}{3 Usage Guide}{}% 18
\BOOKMARK [1][-]{section.3.1}{3.1 Multi-procedures}{chapter.3}% 19
\BOOKMARK [2][-]{subsection.3.1.1}{3.1.1 MyMultiProcedure1}{section.3.1}% 20
\BOOKMARK [2][-]{subsection.3.1.2}{3.1.2 MyMultiProcedure2}{section.3.1}% 21
\BOOKMARK [2][-]{subsection.3.1.3}{3.1.3 MyMultiProcedure3}{section.3.1}% 22
\BOOKMARK [1][-]{section.3.2}{3.2 Mono-procedures}{chapter.3}% 23
\BOOKMARK [2][-]{subsection.3.2.1}{3.2.1 MyActor1}{section.3.2}% 24
\BOOKMARK [2][-]{subsection.3.2.2}{3.2.2 My-Actor2}{section.3.2}% 25
\BOOKMARK [0][-]{chapter.4}{4 Software operations}{}% 26
\BOOKMARK [1][-]{section.4.1}{4.1 System Administrator}{chapter.4}% 27
\BOOKMARK [2][-]{subsection.4.1.1}{4.1.1 Add Librarian}{section.4.1}% 28
\BOOKMARK [2][-]{subsection.4.1.2}{4.1.2 Delete Librarian}{section.4.1}% 29
\BOOKMARK [1][-]{section.4.2}{4.2 System Administrator}{chapter.4}% 30
\BOOKMARK [2][-]{subsection.4.2.1}{4.2.1 Add Librarian}{section.4.2}% 31
\BOOKMARK [2][-]{subsection.4.2.2}{4.2.2 Delete Librarian}{section.4.2}% 32
\BOOKMARK [0][-]{chapter.5}{5 Error messages and problem resolutions}{}% 33
\BOOKMARK [1][-]{section.5.1}{5.1 Error message 1}{chapter.5}% 34
\BOOKMARK [2][-]{subsection.5.1.1}{5.1.1 Problem identification}{section.5.1}% 35
\BOOKMARK [2][-]{subsection.5.1.2}{5.1.2 Probable cause}{section.5.1}% 36
\BOOKMARK [2][-]{subsection.5.1.3}{5.1.3 Corrective actions}{section.5.1}% 37
\BOOKMARK [0][-]{appendix.A}{A Title of the appendix 1}{}% 38
\BOOKMARK [1][-]{section.A.1}{A.1 My Section}{appendix.A}% 39
\BOOKMARK [2][-]{subsection.A.1.1}{A.1.1 My subSection}{section.A.1}% 40
\BOOKMARK [1][-]{section*.1}{References}{appendix.A}% 41
